Arguments: 
  /usr/local/bin/node /usr/local/lib/node_modules/tnpm/node_modules/yarn/bin/yarn.js install --cache=/Users/jasonguo/.tnpm --tmp=/Users/jasonguo/.tnpm_tmp --no-proxy --disturl=https://tnpm-hz.oss-cn-hangzhou.aliyuncs.com/dist/node --userconfig=/Users/jasonguo/.tnpmrc --registry=https://registry.npm.alibaba-inc.com

PATH: 
  /usr/local/bin:/usr/bin:/bin:/usr/sbin:/sbin:/usr/local/share/dotnet:~/.dotnet/tools:/Library/Frameworks/Mono.framework/Versions/Current/Commands:/Applications/Xamarin Workbooks.app/Contents/SharedSupport/path-bin

Yarn version: 
  1.22.11

Node version: 
  10.19.0

Platform: 
  darwin x64

Trace: 
  Error: https://registry.npm.alibaba-inc.com/@tbminiapp%2fpixi-v6-plugin-calligraphy: [not_found] document not found
      at Request.params.callback [as _callback] (/usr/local/lib/node_modules/tnpm/node_modules/yarn/lib/cli.js:66992:18)
      at Request.self.callback (/usr/local/lib/node_modules/tnpm/node_modules/yarn/lib/cli.js:140763:22)
      at Request.emit (events.js:198:13)
      at Request.<anonymous> (/usr/local/lib/node_modules/tnpm/node_modules/yarn/lib/cli.js:141735:10)
      at Request.emit (events.js:198:13)
      at IncomingMessage.<anonymous> (/usr/local/lib/node_modules/tnpm/node_modules/yarn/lib/cli.js:141657:12)
      at Object.onceWrapper (events.js:286:20)
      at IncomingMessage.emit (events.js:203:15)
      at endReadableNT (_stream_readable.js:1145:12)
      at process._tickCallback (internal/process/next_tick.js:63:19)

npm manifest: 
  {
    "name": "pixi-miniprogram-v6-examples",
    "version": "1.0.0",
    "dependencies": {
      "@tbminiapp/pixi-miniprogram-adapter": "1.0.23",
      "@tbminiapp/pixi-miniprogram-canvas-v6": "^1.0.2",
      "@tbminiapp/pixi-miniprogram-engine-v6": "^6.2.1-beta.9",
      "@tbminiapp/pixi-v6-plugin-calligraphy": "^1.0.0"
    }
  }

yarn manifest: 
  No manifest

Lockfile: 
  No lockfile
